mode: set
unittestting/Restfull_Api/controllers/book_controllers.go:13.49,16.52 2 1
unittestting/Restfull_Api/controllers/book_controllers.go:16.52,18.3 1 0
unittestting/Restfull_Api/controllers/book_controllers.go:19.2,22.4 1 1
unittestting/Restfull_Api/controllers/book_controllers.go:26.46,29.16 3 1
unittestting/Restfull_Api/controllers/book_controllers.go:29.16,31.3 1 0
unittestting/Restfull_Api/controllers/book_controllers.go:33.2,34.57 2 1
unittestting/Restfull_Api/controllers/book_controllers.go:34.57,38.3 1 0
unittestting/Restfull_Api/controllers/book_controllers.go:40.2,43.4 1 1
unittestting/Restfull_Api/controllers/book_controllers.go:47.49,51.52 3 1
unittestting/Restfull_Api/controllers/book_controllers.go:51.52,53.3 1 0
unittestting/Restfull_Api/controllers/book_controllers.go:55.2,58.4 1 1
unittestting/Restfull_Api/controllers/book_controllers.go:62.49,65.16 3 1
unittestting/Restfull_Api/controllers/book_controllers.go:65.16,67.3 1 0
unittestting/Restfull_Api/controllers/book_controllers.go:69.2,70.57 2 1
unittestting/Restfull_Api/controllers/book_controllers.go:70.57,72.3 1 1
unittestting/Restfull_Api/controllers/book_controllers.go:74.2,74.54 1 1
unittestting/Restfull_Api/controllers/book_controllers.go:74.54,76.3 1 0
unittestting/Restfull_Api/controllers/book_controllers.go:78.2,81.4 1 1
unittestting/Restfull_Api/controllers/book_controllers.go:85.49,88.16 3 1
unittestting/Restfull_Api/controllers/book_controllers.go:88.16,90.3 1 0
unittestting/Restfull_Api/controllers/book_controllers.go:92.2,93.37 2 1
unittestting/Restfull_Api/controllers/book_controllers.go:93.37,95.3 1 0
unittestting/Restfull_Api/controllers/book_controllers.go:97.2,98.65 2 1
unittestting/Restfull_Api/controllers/book_controllers.go:98.65,100.3 1 0
unittestting/Restfull_Api/controllers/book_controllers.go:101.2,105.60 4 1
unittestting/Restfull_Api/controllers/book_controllers.go:105.60,107.3 1 0
unittestting/Restfull_Api/controllers/book_controllers.go:109.2,112.4 1 1
unittestting/Restfull_Api/controllers/user_controllers.go:14.50,17.53 2 0
unittestting/Restfull_Api/controllers/user_controllers.go:17.53,19.3 1 0
unittestting/Restfull_Api/controllers/user_controllers.go:20.2,23.4 1 0
unittestting/Restfull_Api/controllers/user_controllers.go:27.46,30.16 3 1
unittestting/Restfull_Api/controllers/user_controllers.go:30.16,32.3 1 0
unittestting/Restfull_Api/controllers/user_controllers.go:34.2,35.57 2 1
unittestting/Restfull_Api/controllers/user_controllers.go:35.57,39.3 1 1
unittestting/Restfull_Api/controllers/user_controllers.go:41.2,44.4 1 0
unittestting/Restfull_Api/controllers/user_controllers.go:48.49,52.52 3 1
unittestting/Restfull_Api/controllers/user_controllers.go:52.52,54.3 1 0
unittestting/Restfull_Api/controllers/user_controllers.go:56.2,59.4 1 1
unittestting/Restfull_Api/controllers/user_controllers.go:62.48,67.16 4 1
unittestting/Restfull_Api/controllers/user_controllers.go:67.16,72.3 1 0
unittestting/Restfull_Api/controllers/user_controllers.go:74.2,77.16 3 1
unittestting/Restfull_Api/controllers/user_controllers.go:77.16,82.3 1 0
unittestting/Restfull_Api/controllers/user_controllers.go:84.2,94.4 2 1
unittestting/Restfull_Api/controllers/user_controllers.go:98.49,101.16 3 1
unittestting/Restfull_Api/controllers/user_controllers.go:101.16,103.3 1 0
unittestting/Restfull_Api/controllers/user_controllers.go:105.2,106.57 2 1
unittestting/Restfull_Api/controllers/user_controllers.go:106.57,108.3 1 1
unittestting/Restfull_Api/controllers/user_controllers.go:110.2,110.54 1 0
unittestting/Restfull_Api/controllers/user_controllers.go:110.54,112.3 1 0
unittestting/Restfull_Api/controllers/user_controllers.go:114.2,117.4 1 0
unittestting/Restfull_Api/controllers/user_controllers.go:121.49,124.16 3 1
unittestting/Restfull_Api/controllers/user_controllers.go:124.16,126.3 1 0
unittestting/Restfull_Api/controllers/user_controllers.go:128.2,129.37 2 1
unittestting/Restfull_Api/controllers/user_controllers.go:129.37,131.3 1 0
unittestting/Restfull_Api/controllers/user_controllers.go:133.2,134.65 2 1
unittestting/Restfull_Api/controllers/user_controllers.go:134.65,136.3 1 1
unittestting/Restfull_Api/controllers/user_controllers.go:138.2,142.60 4 0
unittestting/Restfull_Api/controllers/user_controllers.go:142.60,144.3 1 0
unittestting/Restfull_Api/controllers/user_controllers.go:146.2,149.4 1 0
